<?xml version="1.0" encoding="UTF-8"?>
<!-- Generated by org.testng.reporters.JUnitReportReporter -->
<testsuite skipped="0" hostname="5CD138MBFF" name="Selenium.Automationtesting.FlipkartSample" tests="1" failures="0" timestamp="2022-01-18T18:06:17 IST" time="0.045" errors="0">
  <testcase name="test" time="0.045" classname="Selenium.Automationtesting.FlipkartSample"/>
  <system-out>
    <![CDATA[Online Shopping Site for Mobiles, Electronics, Furniture, Grocery, Lifestyle, Books & More. Best Offers!
https://www.flipkart.com/]]>
  </system-out>
</testsuite> <!-- Selenium.Automationtesting.FlipkartSample -->
